<?xml version="1.0" encoding="UTF-8"?>
<Site BuildName="(empty)"
	BuildStamp="20241019-2104-Experimental"
	Name="(empty)"
	Generator="ctest-3.30.5"
	CompilerName=""
	CompilerVersion=""
	OSName="macOS"
	Hostname="MacBook-Pro-Vladislav.local"
	OSRelease="14.5"
	OSVersion="23F79"
	OSPlatform="arm64"
	Is64Bits="1"
	VendorString="Apple"
	VendorID="Apple"
	FamilyID="0"
	ModelID="0"
	ProcessorCacheSize="131072"
	NumberOfLogicalCPU="8"
	NumberOfPhysicalCPU="8"
	TotalVirtualMemory="3072"
	TotalPhysicalMemory="8192"
	LogicalProcessorsPerPhysical="8"
	ProcessorClockFrequency="0"
	>
	<Testing>
		<StartDateTime>Oct 20 00:04 EEST</StartDateTime>
		<StartTestTime>1729371896</StartTestTime>
		<TestList>
			<Test>./test/labor6_3test</Test>
		</TestList>
		<Test Status="passed">
			<Name>labor6_3test</Name>
			<Path>./test</Path>
			<FullName>./test/labor6_3test</FullName>
			<FullCommandLine>/Users/vladislav/Desktop/foruniversity/AP/cds/lb6/Labw63rec/build/test/labor6_3test</FullCommandLine>
			<Results>
				<NamedMeasurement type="numeric/double" name="Execution Time">
					<Value>0.285621</Value>
				</NamedMeasurement>
				<NamedMeasurement type="numeric/double" name="Processors">
					<Value>1</Value>
				</NamedMeasurement>
				<NamedMeasurement type="text/string" name="Completion Status">
					<Value>Completed</Value>
				</NamedMeasurement>
				<NamedMeasurement type="text/string" name="Command Line">
					<Value>/Users/vladislav/Desktop/foruniversity/AP/cds/lb6/Labw63rec/build/test/labor6_3test</Value>
				</NamedMeasurement>
				<NamedMeasurement type="text/string" name="Environment">
					<Value>#CTEST_RESOURCE_GROUP_COUNT=</Value>
				</NamedMeasurement>
				<Measurement>
					<Value encoding="base64" compression="gzip">eJwtzTsOwkAMBNA+p3AJXTbL/gpOkTKisCBISGSJNs79E4/pnsajMbc29Q+6U0wdn3Zq7+FB7cxeXQb4pg7moM4RjuoU4IR+hjPcwwV923T2uHTjvtBF5mX9sszXM6No2SZcX9yE3nt9yudX/8cDdcsx+w==</Value>
				</Measurement>
			</Results>
		</Test>
		<EndDateTime>Oct 20 00:04 EEST</EndDateTime>
		<EndTestTime>1729371896</EndTestTime>
		<ElapsedMinutes>0</ElapsedMinutes>
	</Testing>
</Site>
